PLINK v1.90b3.38 64-bit (7 Jun 2016)
Options in effect:
  --allow-no-sex
  --bfile pureB12crossbred
  --cow
  --nonfounders
  --out pureB12crossbred
  --pca

Hostname: soloboan
Working directory: /home/soloboan/GITstart/crossbred_GNRM
Start time: Fri Aug 12 21:37:33 2016

Random number seed: 1471030653
3815 MB RAM detected; reserving 1907 MB for main workspace.
6255 variants loaded from .bim file.
500 cattle (0 males, 0 females, 500 ambiguous) loaded from .fam.
Ambiguous sex IDs written to pureB12crossbred.nosex .
Using up to 4 threads (change this with --threads).
Before main variant filters, 500 founders and 0 nonfounders present.
Calculating allele frequencies... done.
6255 variants and 500 cattle pass filters and QC.
Note: No phenotypes present.
Relationship matrix calculation complete.
--pca: Results saved to pureB12crossbred.eigenval and pureB12crossbred.eigenvec
.

End time: Fri Aug 12 21:37:34 2016
